<?xml version="1.0" encoding="UTF-8"?>
<coverage generated="1659858809869" clover="3.2.0">
  <project timestamp="1659858809870" name="All files">
    <metrics statements="52" coveredstatements="52" conditionals="8" coveredconditionals="8" methods="14" coveredmethods="14" elements="74" coveredelements="74" complexity="0" loc="52" ncloc="52" packages="1" files="2" classes="2"/>
    <file name="queueClassVer.js" path="D:\ChangMyeong\JSss\naverBoostCamp\challenge\queue\queueClassVer.js">
      <metrics statements="23" coveredstatements="23" conditionals="4" coveredconditionals="4" methods="5" coveredmethods="5"/>
      <line num="3" count="14" type="stmt"/>
      <line num="4" count="14" type="stmt"/>
      <line num="10" count="4" type="stmt"/>
      <line num="11" count="4" type="stmt"/>
      <line num="12" count="4" type="stmt"/>
      <line num="15" count="14" type="stmt"/>
      <line num="16" count="14" type="cond" truecount="2" falsecount="0"/>
      <line num="17" count="3" type="stmt"/>
      <line num="19" count="11" type="stmt"/>
      <line num="21" count="14" type="stmt"/>
      <line num="22" count="14" type="stmt"/>
      <line num="25" count="5" type="cond" truecount="2" falsecount="0"/>
      <line num="26" count="1" type="stmt"/>
      <line num="28" count="4" type="stmt"/>
      <line num="29" count="4" type="stmt"/>
      <line num="30" count="4" type="stmt"/>
      <line num="31" count="4" type="stmt"/>
      <line num="34" count="2" type="stmt"/>
      <line num="35" count="2" type="stmt"/>
      <line num="36" count="2" type="stmt"/>
      <line num="37" count="11" type="stmt"/>
      <line num="38" count="11" type="stmt"/>
      <line num="40" count="2" type="stmt"/>
    </file>
    <file name="queueFuncVer.js" path="D:\ChangMyeong\JSss\naverBoostCamp\challenge\queue\queueFuncVer.js">
      <metrics statements="29" coveredstatements="29" conditionals="4" coveredconditionals="4" methods="9" coveredmethods="9"/>
      <line num="2" count="21" type="stmt"/>
      <line num="3" count="21" type="stmt"/>
      <line num="5" count="21" type="stmt"/>
      <line num="6" count="17" type="stmt"/>
      <line num="7" count="17" type="stmt"/>
      <line num="9" count="18" type="stmt"/>
      <line num="15" count="4" type="stmt"/>
      <line num="16" count="4" type="stmt"/>
      <line num="17" count="4" type="stmt"/>
      <line num="19" count="4" type="stmt"/>
      <line num="21" count="21" type="stmt"/>
      <line num="22" count="21" type="cond" truecount="2" falsecount="0"/>
      <line num="23" count="3" type="stmt"/>
      <line num="25" count="18" type="stmt"/>
      <line num="27" count="21" type="stmt"/>
      <line num="28" count="21" type="stmt"/>
      <line num="31" count="4" type="cond" truecount="2" falsecount="0"/>
      <line num="32" count="1" type="stmt"/>
      <line num="34" count="3" type="stmt"/>
      <line num="35" count="3" type="stmt"/>
      <line num="36" count="3" type="stmt"/>
      <line num="37" count="3" type="stmt"/>
      <line num="40" count="3" type="stmt"/>
      <line num="41" count="3" type="stmt"/>
      <line num="42" count="3" type="stmt"/>
      <line num="43" count="14" type="stmt"/>
      <line num="44" count="14" type="stmt"/>
      <line num="46" count="3" type="stmt"/>
      <line num="48" count="3" type="stmt"/>
    </file>
  </project>
</coverage>
