{"D:\\ChangMyeong\\JSss\\naverBoostCamp\\challenge\\queue\\queueClassVer.js": {"path":"D:\\ChangMyeong\\JSss\\naverBoostCamp\\challenge\\queue\\queueClassVer.js","statementMap":{"0":{"start":{"line":3,"column":4},"end":{"line":3,"column":21}},"1":{"start":{"line":4,"column":4},"end":{"line":4,"column":21}},"2":{"start":{"line":10,"column":4},"end":{"line":10,"column":22}},"3":{"start":{"line":11,"column":4},"end":{"line":11,"column":20}},"4":{"start":{"line":12,"column":4},"end":{"line":12,"column":20}},"5":{"start":{"line":15,"column":17},"end":{"line":15,"column":31}},"6":{"start":{"line":16,"column":4},"end":{"line":20,"column":5}},"7":{"start":{"line":17,"column":6},"end":{"line":17,"column":24}},"8":{"start":{"line":19,"column":6},"end":{"line":19,"column":27}},"9":{"start":{"line":21,"column":4},"end":{"line":21,"column":18}},"10":{"start":{"line":22,"column":4},"end":{"line":22,"column":20}},"11":{"start":{"line":25,"column":4},"end":{"line":27,"column":5}},"12":{"start":{"line":26,"column":6},"end":{"line":26,"column":23}},"13":{"start":{"line":28,"column":22},"end":{"line":28,"column":32}},"14":{"start":{"line":29,"column":4},"end":{"line":29,"column":32}},"15":{"start":{"line":30,"column":4},"end":{"line":30,"column":18}},"16":{"start":{"line":31,"column":4},"end":{"line":31,"column":26}},"17":{"start":{"line":34,"column":19},"end":{"line":34,"column":21}},"18":{"start":{"line":35,"column":15},"end":{"line":35,"column":25}},"19":{"start":{"line":36,"column":4},"end":{"line":39,"column":5}},"20":{"start":{"line":37,"column":6},"end":{"line":37,"column":29}},"21":{"start":{"line":38,"column":6},"end":{"line":38,"column":23}},"22":{"start":{"line":40,"column":4},"end":{"line":40,"column":18}}},"fnMap":{"0":{"name":"(anonymous_0)","decl":{"start":{"line":2,"column":2},"end":{"line":2,"column":3}},"loc":{"start":{"line":2,"column":20},"end":{"line":5,"column":3}},"line":2},"1":{"name":"(anonymous_1)","decl":{"start":{"line":9,"column":2},"end":{"line":9,"column":3}},"loc":{"start":{"line":9,"column":16},"end":{"line":13,"column":3}},"line":9},"2":{"name":"(anonymous_2)","decl":{"start":{"line":14,"column":2},"end":{"line":14,"column":3}},"loc":{"start":{"line":14,"column":16},"end":{"line":23,"column":3}},"line":14},"3":{"name":"(anonymous_3)","decl":{"start":{"line":24,"column":2},"end":{"line":24,"column":3}},"loc":{"start":{"line":24,"column":12},"end":{"line":32,"column":3}},"line":24},"4":{"name":"(anonymous_4)","decl":{"start":{"line":33,"column":2},"end":{"line":33,"column":3}},"loc":{"start":{"line":33,"column":11},"end":{"line":41,"column":3}},"line":33}},"branchMap":{"0":{"loc":{"start":{"line":16,"column":4},"end":{"line":20,"column":5}},"type":"if","locations":[{"start":{"line":16,"column":4},"end":{"line":20,"column":5}},{"start":{"line":18,"column":11},"end":{"line":20,"column":5}}],"line":16},"1":{"loc":{"start":{"line":25,"column":4},"end":{"line":27,"column":5}},"type":"if","locations":[{"start":{"line":25,"column":4},"end":{"line":27,"column":5}},{"start":{},"end":{}}],"line":25}},"s":{"0":14,"1":14,"2":4,"3":4,"4":4,"5":14,"6":14,"7":3,"8":11,"9":14,"10":14,"11":5,"12":1,"13":4,"14":4,"15":4,"16":4,"17":2,"18":2,"19":2,"20":11,"21":11,"22":2},"f":{"0":14,"1":4,"2":14,"3":5,"4":2},"b":{"0":[3,11],"1":[1,4]},"_coverageSchema":"1a1c01bbd47fc00a2c39e90264f33305004495a9","hash":"ee230e85162e6b53b06c3f9f62a051019c5dff75"}
,"D:\\ChangMyeong\\JSss\\naverBoostCamp\\challenge\\queue\\queueFuncVer.js": {"path":"D:\\ChangMyeong\\JSss\\naverBoostCamp\\challenge\\queue\\queueFuncVer.js","statementMap":{"0":{"start":{"line":2,"column":13},"end":{"line":2,"column":22}},"1":{"start":{"line":3,"column":13},"end":{"line":3,"column":17}},"2":{"start":{"line":5,"column":2},"end":{"line":11,"column":4}},"3":{"start":{"line":6,"column":19},"end":{"line":6,"column":23}},"4":{"start":{"line":7,"column":19},"end":{"line":7,"column":23}},"5":{"start":{"line":9,"column":6},"end":{"line":9,"column":18}},"6":{"start":{"line":15,"column":14},"end":{"line":15,"column":18}},"7":{"start":{"line":16,"column":12},"end":{"line":16,"column":16}},"8":{"start":{"line":17,"column":15},"end":{"line":17,"column":16}},"9":{"start":{"line":19,"column":2},"end":{"line":49,"column":4}},"10":{"start":{"line":21,"column":19},"end":{"line":21,"column":29}},"11":{"start":{"line":22,"column":6},"end":{"line":26,"column":7}},"12":{"start":{"line":23,"column":8},"end":{"line":23,"column":21}},"13":{"start":{"line":25,"column":8},"end":{"line":25,"column":26}},"14":{"start":{"line":27,"column":6},"end":{"line":27,"column":17}},"15":{"start":{"line":28,"column":6},"end":{"line":28,"column":15}},"16":{"start":{"line":31,"column":6},"end":{"line":33,"column":7}},"17":{"start":{"line":32,"column":8},"end":{"line":32,"column":25}},"18":{"start":{"line":34,"column":24},"end":{"line":34,"column":29}},"19":{"start":{"line":35,"column":6},"end":{"line":35,"column":34}},"20":{"start":{"line":36,"column":6},"end":{"line":36,"column":15}},"21":{"start":{"line":37,"column":6},"end":{"line":37,"column":33}},"22":{"start":{"line":40,"column":17},"end":{"line":40,"column":22}},"23":{"start":{"line":41,"column":21},"end":{"line":41,"column":23}},"24":{"start":{"line":42,"column":6},"end":{"line":45,"column":7}},"25":{"start":{"line":43,"column":8},"end":{"line":43,"column":36}},"26":{"start":{"line":44,"column":8},"end":{"line":44,"column":30}},"27":{"start":{"line":46,"column":6},"end":{"line":46,"column":20}},"28":{"start":{"line":48,"column":18},"end":{"line":48,"column":24}}},"fnMap":{"0":{"name":"Node","decl":{"start":{"line":1,"column":9},"end":{"line":1,"column":13}},"loc":{"start":{"line":1,"column":25},"end":{"line":12,"column":1}},"line":1},"1":{"name":"(anonymous_1)","decl":{"start":{"line":6,"column":13},"end":{"line":6,"column":14}},"loc":{"start":{"line":6,"column":19},"end":{"line":6,"column":23}},"line":6},"2":{"name":"(anonymous_2)","decl":{"start":{"line":7,"column":13},"end":{"line":7,"column":14}},"loc":{"start":{"line":7,"column":19},"end":{"line":7,"column":23}},"line":7},"3":{"name":"(anonymous_3)","decl":{"start":{"line":8,"column":13},"end":{"line":8,"column":14}},"loc":{"start":{"line":8,"column":23},"end":{"line":10,"column":5}},"line":8},"4":{"name":"queue","decl":{"start":{"line":14,"column":9},"end":{"line":14,"column":14}},"loc":{"start":{"line":14,"column":17},"end":{"line":50,"column":1}},"line":14},"5":{"name":"(anonymous_5)","decl":{"start":{"line":20,"column":13},"end":{"line":20,"column":14}},"loc":{"start":{"line":20,"column":23},"end":{"line":29,"column":5}},"line":20},"6":{"name":"(anonymous_6)","decl":{"start":{"line":30,"column":13},"end":{"line":30,"column":14}},"loc":{"start":{"line":30,"column":19},"end":{"line":38,"column":5}},"line":30},"7":{"name":"(anonymous_7)","decl":{"start":{"line":39,"column":12},"end":{"line":39,"column":13}},"loc":{"start":{"line":39,"column":18},"end":{"line":47,"column":5}},"line":39},"8":{"name":"(anonymous_8)","decl":{"start":{"line":48,"column":12},"end":{"line":48,"column":13}},"loc":{"start":{"line":48,"column":18},"end":{"line":48,"column":24}},"line":48}},"branchMap":{"0":{"loc":{"start":{"line":22,"column":6},"end":{"line":26,"column":7}},"type":"if","locations":[{"start":{"line":22,"column":6},"end":{"line":26,"column":7}},{"start":{"line":24,"column":13},"end":{"line":26,"column":7}}],"line":22},"1":{"loc":{"start":{"line":31,"column":6},"end":{"line":33,"column":7}},"type":"if","locations":[{"start":{"line":31,"column":6},"end":{"line":33,"column":7}},{"start":{},"end":{}}],"line":31}},"s":{"0":21,"1":21,"2":21,"3":17,"4":17,"5":18,"6":4,"7":4,"8":4,"9":4,"10":21,"11":21,"12":3,"13":18,"14":21,"15":21,"16":4,"17":1,"18":3,"19":3,"20":3,"21":3,"22":3,"23":3,"24":3,"25":14,"26":14,"27":3,"28":3},"f":{"0":21,"1":17,"2":17,"3":18,"4":4,"5":21,"6":4,"7":3,"8":3},"b":{"0":[3,18],"1":[1,3]},"_coverageSchema":"1a1c01bbd47fc00a2c39e90264f33305004495a9","hash":"3588ad50f3761a01f404a4f5c3113a2e5689430b"}
}
