TN:
SF:queueClassVer.js
FN:2,(anonymous_0)
FN:9,(anonymous_1)
FN:14,(anonymous_2)
FN:24,(anonymous_3)
FN:33,(anonymous_4)
FNF:5
FNH:5
FNDA:14,(anonymous_0)
FNDA:4,(anonymous_1)
FNDA:14,(anonymous_2)
FNDA:5,(anonymous_3)
FNDA:2,(anonymous_4)
DA:3,14
DA:4,14
DA:10,4
DA:11,4
DA:12,4
DA:15,14
DA:16,14
DA:17,3
DA:19,11
DA:21,14
DA:22,14
DA:25,5
DA:26,1
DA:28,4
DA:29,4
DA:30,4
DA:31,4
DA:34,2
DA:35,2
DA:36,2
DA:37,11
DA:38,11
DA:40,2
LF:23
LH:23
BRDA:16,0,0,3
BRDA:16,0,1,11
BRDA:25,1,0,1
BRDA:25,1,1,4
BRF:4
BRH:4
end_of_record
TN:
SF:queueFuncVer.js
FN:1,Node
FN:6,(anonymous_1)
FN:7,(anonymous_2)
FN:8,(anonymous_3)
FN:14,queue
FN:20,(anonymous_5)
FN:30,(anonymous_6)
FN:39,(anonymous_7)
FN:48,(anonymous_8)
FNF:9
FNH:9
FNDA:21,Node
FNDA:17,(anonymous_1)
FNDA:17,(anonymous_2)
FNDA:18,(anonymous_3)
FNDA:4,queue
FNDA:21,(anonymous_5)
FNDA:4,(anonymous_6)
FNDA:3,(anonymous_7)
FNDA:3,(anonymous_8)
DA:2,21
DA:3,21
DA:5,21
DA:6,17
DA:7,17
DA:9,18
DA:15,4
DA:16,4
DA:17,4
DA:19,4
DA:21,21
DA:22,21
DA:23,3
DA:25,18
DA:27,21
DA:28,21
DA:31,4
DA:32,1
DA:34,3
DA:35,3
DA:36,3
DA:37,3
DA:40,3
DA:41,3
DA:42,3
DA:43,14
DA:44,14
DA:46,3
DA:48,3
LF:29
LH:29
BRDA:22,0,0,3
BRDA:22,0,1,18
BRDA:31,1,0,1
BRDA:31,1,1,3
BRF:4
BRH:4
end_of_record
